Handling lib "i2c"...
The --lib flag was not given for it, checking repository
Prepared local dir: "/Users/mhcristian/.mos/libs-1.13/i2c-1.13"
Handling lib "rpc-service-config"...
The --lib flag was not given for it, checking repository
Prepared local dir: "/Users/mhcristian/.mos/libs-1.13/rpc-service-config-1.13"
Handling lib "rpc-common"...
The --lib flag was not given for it, checking repository
Prepared local dir: "/Users/mhcristian/.mos/libs-1.13/rpc-common-1.13"
Handling lib "http-server"...
The --lib flag was not given for it, checking repository
Prepared local dir: "/Users/mhcristian/.mos/libs-1.13/http-server-1.13"
Handling lib "rpc-service-fs"...
The --lib flag was not given for it, checking repository
Prepared local dir: "/Users/mhcristian/.mos/libs-1.13/rpc-service-fs-1.13"
Handling lib "rpc-common"...
Already handled, skipping
Handling lib "rpc-uart"...
The --lib flag was not given for it, checking repository
Prepared local dir: "/Users/mhcristian/.mos/libs-1.13/rpc-uart-1.13"
Handling lib "rpc-common"...
Already handled, skipping
Handling lib "spi"...
The --lib flag was not given for it, checking repository
Prepared local dir: "/Users/mhcristian/.mos/libs-1.13/spi-1.13"
Handling lib "http-server"...
The --lib flag was not given for it, checking repository
Prepared local dir: "/Users/mhcristian/.mos/libs-1.13/http-server-1.13"
Handling lib "atca"...
The --lib flag was not given for it, checking repository
Prepared local dir: "/Users/mhcristian/.mos/libs-1.13/atca-1.13"
Handling lib "ethernet"...
The --lib flag was not given for it, checking repository
Prepared local dir: "/Users/mhcristian/.mos/libs-1.13/ethernet-1.13"
Handling lib "wifi"...
The --lib flag was not given for it, checking repository
Prepared local dir: "/Users/mhcristian/.mos/libs-1.13/wifi-1.13"
Handling lib "ota-http-server"...
The --lib flag was not given for it, checking repository
Prepared local dir: "/Users/mhcristian/.mos/libs-1.13/ota-http-server-1.13"
Handling lib "http-server"...
Already handled, skipping
Handling lib "ota-http-client"...
The --lib flag was not given for it, checking repository
Prepared local dir: "/Users/mhcristian/.mos/libs-1.13/ota-http-client-1.13"
Handling lib "rpc-mqtt"...
The --lib flag was not given for it, checking repository
Prepared local dir: "/Users/mhcristian/.mos/libs-1.13/rpc-mqtt-1.13"
Handling lib "mqtt"...
The --lib flag was not given for it, checking repository
Prepared local dir: "/Users/mhcristian/.mos/libs-1.13/mqtt-1.13"
Handling lib "rpc-common"...
Already handled, skipping
Handling lib "rpc-service-config"...
Already handled, skipping
Handling lib "rpc-service-fs"...
Already handled, skipping
Handling lib "rpc-service-gpio"...
The --lib flag was not given for it, checking repository
Prepared local dir: "/Users/mhcristian/.mos/libs-1.13/rpc-service-gpio-1.13"
Handling lib "rpc-common"...
Already handled, skipping
Handling lib "rpc-service-ota"...
The --lib flag was not given for it, checking repository
Prepared local dir: "/Users/mhcristian/.mos/libs-1.13/rpc-service-ota-1.13"
Handling lib "ota-http-client"...
Already handled, skipping
Handling lib "rpc-common"...
Already handled, skipping
Handling lib "wifi"...
The --lib flag was not given for it, checking repository
Prepared local dir: "/Users/mhcristian/.mos/libs-1.13/wifi-1.13"
Handling lib "arduino-onewire"...
The --lib flag was not given for it, checking repository
Prepared local dir: "/Users/mhcristian/.mos/libs-1.13/arduino-onewire-1.13"
Handling lib "arduino-compat"...
The --lib flag was not given for it, checking repository
Prepared local dir: "/Users/mhcristian/.mos/libs-1.13/arduino-compat-1.13"
Handling lib "onewire"...
The --lib flag was not given for it, checking repository
Prepared local dir: "/Users/mhcristian/.mos/libs-1.13/onewire-1.13"
Handling lib "mjs"...
The --lib flag was not given for it, checking repository
Prepared local dir: "/Users/mhcristian/.mos/libs-1.13/mjs-1.13"
Connecting to https://mongoose.cloud, user test
Uploading sources (176420 bytes)
